<?xml version="1.0" encoding="UTF-8"?>
<!-- Generated by org.testng.reporters.JUnitReportReporter -->
<testsuite skipped="1" hostname="DESKTOP-93FHHHT" name="com.actitime.tests.ValidLoginLogoutTest" tests="2" failures="0" timestamp="07 Dec 2017 14:10:45 GMT" time="29.513" errors="0">
  <testcase name="testValidLoginLogout" time="29.513" classname="com.actitime.tests.ValidLoginLogoutTest"/>
  <testcase name="testValidLoginLogout" time="0.000" classname="com.actitime.tests.ValidLoginLogoutTest">
    <skipped/>
  </testcase> <!-- testValidLoginLogout -->
</testsuite> <!-- com.actitime.tests.ValidLoginLogoutTest -->
