<?xml version="1.0" encoding="UTF-8"?>
<!-- Generated by org.testng.reporters.JUnitReportReporter -->
<testsuite skipped="1" hostname="DESKTOP-93FHHHT" name="com.actitime.tests.InvalidLogin" tests="2" failures="0" timestamp="07 Dec 2017 14:10:45 GMT" time="18.451" errors="0">
  <testcase name="testInvalidLogin" time="18.451" classname="com.actitime.tests.InvalidLogin"/>
  <testcase name="testInvalidLogin" time="0.000" classname="com.actitime.tests.InvalidLogin">
    <skipped/>
  </testcase> <!-- testInvalidLogin -->
</testsuite> <!-- com.actitime.tests.InvalidLogin -->
